[2023/12/12 10:43] === Start ===
[2023/12/12 10:43]  
[2023/12/12 10:43] || /data1/andreadis/samos_output/20231208 ||
[2023/12/12 10:43]  
[2023/12/12 10:43] -- linear_search --
[2023/12/12 10:43]  
[2023/12/12 10:43] Found 25 folders in /data1/andreadis/samos_output/20231208/linear_search
[2023/12/12 10:43]  
[2023/12/12 10:43] Processing 100%...
[2023/12/12 10:43]  
[2023/12/12 10:43] Result dataframe shape:
[2023/12/12 10:43]  
[2023/12/12 10:43] (500, 9)
[2023/12/12 10:43]  
[2023/12/12 10:43] ['dir', '.data dir', 'cell count', 'radius of gyration', 'time frame', 'initial cell count', '# time steps', 'cell division rate', 'propulsion alpha']
[2023/12/12 10:43]  
[2023/12/12 10:43] ----
[2023/12/12 10:43]  
[2023/12/12 10:43] Saving /data1/andreadis/analysis_results/figures/linear_search/box_cell count_vs_time frame.png
[2023/12/12 10:43]  
[2023/12/12 10:43] Saving /data1/andreadis/analysis_results/figures/linear_search/line_None_for_radius of gyration_vs_time frame.png
[2023/12/12 10:43]  
[2023/12/12 10:43] Saving /data1/andreadis/analysis_results/figures/linear_search/line_propulsion alpha_for_cell count_vs_time frame.png
[2023/12/12 10:43]  
[2023/12/12 10:43] Saving /data1/andreadis/analysis_results/figures/linear_search/line_cell division rate_for_cell count_vs_time frame.png
[2023/12/12 10:43]  
[2023/12/12 10:43] Saving /data1/andreadis/analysis_results/figures/linear_search/heat_cell count_for_cell division rate_vs_propulsion alpha.png
[2023/12/12 10:43]  
[2023/12/12 10:43] Saving /data1/andreadis/analysis_results/figures/linear_search/heat_radius of gyration_for_cell division rate_vs_propulsion alpha.png
[2023/12/12 10:43]  
[2023/12/12 10:43] -- re_linear_1-1.2_#20 --
[2023/12/12 10:43]  
[2023/12/12 10:43] Found 20 folders in /data1/andreadis/samos_output/20231208/re_linear_1-1.2_#20
[2023/12/12 10:43]  
[2023/12/12 10:43] Processing 25%...
[2023/12/12 10:43]  
[2023/12/12 10:43] Processing 50%...
[2023/12/12 10:43]  
[2023/12/12 10:43] Processing 75%...
[2023/12/12 10:43]  
[2023/12/12 10:43] Processing 100%...
[2023/12/12 10:43]  
[2023/12/12 10:43] Result dataframe shape:
[2023/12/12 10:43]  
[2023/12/12 10:43] (400, 8)
[2023/12/12 10:43]  
[2023/12/12 10:43] ['dir', '.data dir', 'cell count', 'radius of gyration', 'time frame', 'initial cell count', '# time steps', 'potential re factor']
[2023/12/12 10:43]  
[2023/12/12 10:43] ----
[2023/12/12 10:43]  
[2023/12/12 10:43] Saving /data1/andreadis/analysis_results/figures/re_linear_1-1.2_#20/box_cell count_vs_time frame.png
[2023/12/12 10:43]  
[2023/12/12 10:43] Saving /data1/andreadis/analysis_results/figures/re_linear_1-1.2_#20/line_None_for_radius of gyration_vs_time frame.png
[2023/12/12 10:43]  
[2023/12/12 10:43] Saving /data1/andreadis/analysis_results/figures/re_linear_1-1.2_#20/line_potential re factor_for_cell count_vs_time frame.png
[2023/12/12 10:43]  
[2023/12/12 10:43] Saving /data1/andreadis/analysis_results/figures/re_linear_1-1.2_#20/scatter_time frame_for_radius of gyration_vs_potential re factor.png
[2023/12/12 10:43]  
[2023/12/12 10:43] -- div_log_0.01-1_#10_vs_alpha_log_0.01-0.2_#10 --
[2023/12/12 10:43]  
[2023/12/12 10:43] Found 100 folders in /data1/andreadis/samos_output/20231208/div_log_0.01-1_#10_vs_alpha_log_0.01-0.2_#10
[2023/12/12 10:43]  
[2023/12/12 10:43] Processing 25%...
[2023/12/12 10:43]  
[2023/12/12 10:43] Processing 50%...
[2023/12/12 10:43]  
[2023/12/12 10:44] Processing 75%...
[2023/12/12 10:44]  
[2023/12/12 10:44] Processing 100%...
[2023/12/12 10:44]  
[2023/12/12 10:44] Result dataframe shape:
[2023/12/12 10:44]  
[2023/12/12 10:44] (2000, 9)
[2023/12/12 10:44]  
[2023/12/12 10:44] ['dir', '.data dir', 'cell count', 'radius of gyration', 'time frame', 'initial cell count', '# time steps', 'cell division rate', 'propulsion alpha']
[2023/12/12 10:44]  
[2023/12/12 10:44] ----
[2023/12/12 10:44]  
[2023/12/12 10:44] Saving /data1/andreadis/analysis_results/figures/div_log_0.01-1_#10_vs_alpha_log_0.01-0.2_#10/box_cell count_vs_time frame.png
[2023/12/12 10:44]  
[2023/12/12 10:44] Saving /data1/andreadis/analysis_results/figures/div_log_0.01-1_#10_vs_alpha_log_0.01-0.2_#10/line_None_for_radius of gyration_vs_time frame.png
[2023/12/12 10:44]  
[2023/12/12 10:44] Saving /data1/andreadis/analysis_results/figures/div_log_0.01-1_#10_vs_alpha_log_0.01-0.2_#10/line_propulsion alpha_for_cell count_vs_time frame.png
[2023/12/12 10:44]  
[2023/12/12 10:44] Saving /data1/andreadis/analysis_results/figures/div_log_0.01-1_#10_vs_alpha_log_0.01-0.2_#10/line_cell division rate_for_cell count_vs_time frame.png
[2023/12/12 10:44]  
[2023/12/12 10:44] Saving /data1/andreadis/analysis_results/figures/div_log_0.01-1_#10_vs_alpha_log_0.01-0.2_#10/heat_cell count_for_cell division rate_vs_propulsion alpha.png
[2023/12/12 10:44]  
[2023/12/12 10:44] Saving /data1/andreadis/analysis_results/figures/div_log_0.01-1_#10_vs_alpha_log_0.01-0.2_#10/heat_radius of gyration_for_cell division rate_vs_propulsion alpha.png
[2023/12/12 10:44]  
[2023/12/12 10:44] || /data1/andreadis/samos_output/20231211 ||
[2023/12/12 10:44]  
[2023/12/12 10:44] -- div_linear_0.01-1_#2_vs_alpha_linear_0.1-0.3_#10 --
[2023/12/12 10:44]  
[2023/12/12 10:44] Found 16 folders in /data1/andreadis/samos_output/20231211/div_linear_0.01-1_#2_vs_alpha_linear_0.1-0.3_#10
[2023/12/12 10:44]  
[2023/12/12 10:44] Processing 25%...
[2023/12/12 10:44]  
[2023/12/12 10:44] Processing 50%...
[2023/12/12 10:44]  
[2023/12/12 10:44] Processing 75%...
[2023/12/12 10:44]  
[2023/12/12 10:44] Result dataframe shape:
[2023/12/12 10:44]  
[2023/12/12 10:44] (238, 9)
[2023/12/12 10:44]  
[2023/12/12 10:44] ['dir', '.data dir', 'cell count', 'radius of gyration', 'time frame', 'initial cell count', '# time steps', 'cell division rate', 'propulsion alpha']
[2023/12/12 10:44]  
[2023/12/12 10:44] ----
[2023/12/12 10:44]  
[2023/12/12 10:44] Saving /data1/andreadis/analysis_results/figures/div_linear_0.01-1_#2_vs_alpha_linear_0.1-0.3_#10/box_cell count_vs_time frame.png
[2023/12/12 10:44]  
[2023/12/12 10:44] Saving /data1/andreadis/analysis_results/figures/div_linear_0.01-1_#2_vs_alpha_linear_0.1-0.3_#10/line_None_for_radius of gyration_vs_time frame.png
[2023/12/12 10:44]  
[2023/12/12 10:44] Saving /data1/andreadis/analysis_results/figures/div_linear_0.01-1_#2_vs_alpha_linear_0.1-0.3_#10/line_propulsion alpha_for_cell count_vs_time frame.png
[2023/12/12 10:44]  
[2023/12/12 10:44] Saving /data1/andreadis/analysis_results/figures/div_linear_0.01-1_#2_vs_alpha_linear_0.1-0.3_#10/line_cell division rate_for_cell count_vs_time frame.png
[2023/12/12 10:44]  
[2023/12/12 10:44] Saving /data1/andreadis/analysis_results/figures/div_linear_0.01-1_#2_vs_alpha_linear_0.1-0.3_#10/heat_cell count_for_cell division rate_vs_propulsion alpha.png
[2023/12/12 10:44]  
[2023/12/12 10:44] Saving /data1/andreadis/analysis_results/figures/div_linear_0.01-1_#2_vs_alpha_linear_0.1-0.3_#10/heat_radius of gyration_for_cell division rate_vs_propulsion alpha.png
[2023/12/12 10:44]  
[2023/12/12 10:44] -- div_log_0.01-1_#3_vs_alpha_log_0.1-0.3_#10 --
[2023/12/12 10:44]  
[2023/12/12 10:44] Found 30 folders in /data1/andreadis/samos_output/20231211/div_log_0.01-1_#3_vs_alpha_log_0.1-0.3_#10
[2023/12/12 10:44]  
[2023/12/12 10:44] Processing 50%...
[2023/12/12 10:44]  
[2023/12/12 10:44] Processing 100%...
[2023/12/12 10:44]  
[2023/12/12 10:44] Result dataframe shape:
[2023/12/12 10:44]  
[2023/12/12 10:44] (594, 9)
[2023/12/12 10:44]  
[2023/12/12 10:44] ['dir', '.data dir', 'cell count', 'radius of gyration', 'time frame', 'initial cell count', '# time steps', 'cell division rate', 'propulsion alpha']
[2023/12/12 10:44]  
[2023/12/12 10:44] ----
[2023/12/12 10:44]  
[2023/12/12 10:44] Saving /data1/andreadis/analysis_results/figures/div_log_0.01-1_#3_vs_alpha_log_0.1-0.3_#10/box_cell count_vs_time frame.png
[2023/12/12 10:44]  
[2023/12/12 10:44] Saving /data1/andreadis/analysis_results/figures/div_log_0.01-1_#3_vs_alpha_log_0.1-0.3_#10/line_None_for_radius of gyration_vs_time frame.png
[2023/12/12 10:44]  
[2023/12/12 10:44] Saving /data1/andreadis/analysis_results/figures/div_log_0.01-1_#3_vs_alpha_log_0.1-0.3_#10/line_propulsion alpha_for_cell count_vs_time frame.png
[2023/12/12 10:44]  
[2023/12/12 10:44] Saving /data1/andreadis/analysis_results/figures/div_log_0.01-1_#3_vs_alpha_log_0.1-0.3_#10/line_cell division rate_for_cell count_vs_time frame.png
[2023/12/12 10:44]  
[2023/12/12 10:44] Saving /data1/andreadis/analysis_results/figures/div_log_0.01-1_#3_vs_alpha_log_0.1-0.3_#10/heat_cell count_for_cell division rate_vs_propulsion alpha.png
[2023/12/12 10:44]  
[2023/12/12 10:44] Saving /data1/andreadis/analysis_results/figures/div_log_0.01-1_#3_vs_alpha_log_0.1-0.3_#10/heat_radius of gyration_for_cell division rate_vs_propulsion alpha.png
[2023/12/12 10:44]  
[2023/12/12 10:44] || /data1/andreadis/samos_output/20231212 ||
[2023/12/12 10:44]  
[2023/12/12 10:44] -- no_sweep_20231212_09-47 --
[2023/12/12 10:44]  
[2023/12/12 10:44] Found 1 folders in /data1/andreadis/samos_output/20231212/no_sweep_20231212_09-47
[2023/12/12 10:44]  
[2023/12/12 10:44] Processing 100%...
[2023/12/12 10:44]  
[2023/12/12 10:44] Result dataframe shape:
[2023/12/12 10:44]  
[2023/12/12 10:44] (50, 10)
[2023/12/12 10:44]  
[2023/12/12 10:44] ['dir', '.data dir', 'cell count', 'radius of gyration', 'time frame', 'initial cell count', '# time steps', 'cell division rate', 'propulsion alpha', 'potential re factor']
[2023/12/12 10:44]  
[2023/12/12 10:44] ----
[2023/12/12 10:44]  
[2023/12/12 10:44] Saving /data1/andreadis/analysis_results/figures/no_sweep_20231212_09-47/box_cell count_vs_time frame.png
[2023/12/12 10:44]  
[2023/12/12 10:44] Saving /data1/andreadis/analysis_results/figures/no_sweep_20231212_09-47/line_None_for_radius of gyration_vs_time frame.png
[2023/12/12 10:44]  
[2023/12/12 10:44] Saving /data1/andreadis/analysis_results/figures/no_sweep_20231212_09-47/line_potential re factor_for_cell count_vs_time frame.png
[2023/12/12 10:44]  
[2023/12/12 10:44] Saving /data1/andreadis/analysis_results/figures/no_sweep_20231212_09-47/scatter_time frame_for_radius of gyration_vs_potential re factor.png
[2023/12/12 10:44]  
[2023/12/12 10:44] Saving /data1/andreadis/analysis_results/figures/no_sweep_20231212_09-47/line_propulsion alpha_for_cell count_vs_time frame.png
[2023/12/12 10:44]  
[2023/12/12 10:44] Saving /data1/andreadis/analysis_results/figures/no_sweep_20231212_09-47/line_cell division rate_for_cell count_vs_time frame.png
[2023/12/12 10:44]  
[2023/12/12 10:44] Saving /data1/andreadis/analysis_results/figures/no_sweep_20231212_09-47/heat_cell count_for_cell division rate_vs_propulsion alpha.png
[2023/12/12 10:44]  
[2023/12/12 10:44] Saving /data1/andreadis/analysis_results/figures/no_sweep_20231212_09-47/heat_radius of gyration_for_cell division rate_vs_propulsion alpha.png
[2023/12/12 10:44]  
[2023/12/12 10:44] === End ===
[2023/12/12 10:44]  
